<?xml version="1.0" encoding="UTF-8" ?>
<testsuite failures="0" time="11.687" errors="0" skipped="0" tests="2" name="ac.uk.soton.ecs.sw.semblog.tstore.RdfStoreTest">
  <properties>
    <property name="java.runtime.name" value="Java(TM) SE Runtime Environment"/>
    <property name="sun.boot.library.path" value="/usr/lib/jvm/java-6-sun-1.6.0.26/jre/lib/i386"/>
    <property name="java.vm.version" value="20.1-b02"/>
    <property name="java.vm.vendor" value="Sun Microsystems Inc."/>
    <property name="java.vendor.url" value="http://java.sun.com/"/>
    <property name="path.separator" value=":"/>
    <property name="java.vm.name" value="Java HotSpot(TM) Server VM"/>
    <property name="file.encoding.pkg" value="sun.io"/>
    <property name="user.country" value="GB"/>
    <property name="sun.java.launcher" value="SUN_STANDARD"/>
    <property name="sun.os.patch.level" value="unknown"/>
    <property name="java.vm.specification.name" value="Java Virtual Machine Specification"/>
    <property name="user.dir" value="/home/syamantak/Work/java/semblog/semblog.tstore"/>
    <property name="java.runtime.version" value="1.6.0_26-b03"/>
    <property name="java.awt.graphicsenv" value="sun.awt.X11GraphicsEnvironment"/>
    <property name="basedir" value="/home/syamantak/Work/java/semblog/semblog.tstore"/>
    <property name="java.endorsed.dirs" value="/usr/lib/jvm/java-6-sun-1.6.0.26/jre/lib/endorsed"/>
    <property name="os.arch" value="i386"/>
    <property name="surefire.real.class.path" value="/tmp/surefirebooter7065863466487793569.jar"/>
    <property name="java.io.tmpdir" value="/tmp"/>
    <property name="line.separator" value="
"/>
    <property name="java.vm.specification.vendor" value="Sun Microsystems Inc."/>
    <property name="os.name" value="Linux"/>
    <property name="sun.jnu.encoding" value="UTF-8"/>
    <property name="java.library.path" value="/usr/lib/jvm/java-6-sun-1.6.0.26/jre/lib/i386/server:/usr/lib/jvm/java-6-sun-1.6.0.26/jre/lib/i386:/usr/lib/jvm/java-6-sun-1.6.0.26/jre/../lib/i386:/usr/java/packages/lib/i386:/lib:/usr/lib"/>
    <property name="surefire.test.class.path" value="/home/syamantak/Work/java/semblog/semblog.tstore/target/test-classes:/home/syamantak/Work/java/semblog/semblog.tstore/target/classes:/home/syamantak/.m2/repository/junit/junit/4.8.1/junit-4.8.1.jar:/home/syamantak/.m2/repository/com/hp/hpl/jena/tdb/0.8.10/tdb-0.8.10.jar:/home/syamantak/.m2/repository/com/hp/hpl/jena/arq/2.8.8/arq-2.8.8.jar:/home/syamantak/.m2/repository/com/hp/hpl/jena/jena/2.6.4/jena-2.6.4.jar:/home/syamantak/.m2/repository/com/hp/hpl/jena/iri/0.8/iri-0.8.jar:/home/syamantak/.m2/repository/com/ibm/icu/icu4j/3.4.4/icu4j-3.4.4.jar:/home/syamantak/.m2/repository/xerces/xercesImpl/2.7.1/xercesImpl-2.7.1.jar:/home/syamantak/.m2/repository/org/slf4j/slf4j-api/1.6.1/slf4j-api-1.6.1.jar:/home/syamantak/.m2/repository/org/slf4j/slf4j-log4j12/1.6.1/slf4j-log4j12-1.6.1.jar:/home/syamantak/.m2/repository/log4j/log4j/1.2.16/log4j-1.2.16.jar:/home/syamantak/.m2/repository/org/codehaus/woodstox/wstx-asl/3.2.9/wstx-asl-3.2.9.jar:/home/syamantak/.m2/repository/stax/stax-api/1.0.1/stax-api-1.0.1.jar:/home/syamantak/.m2/repository/org/apache/lucene/lucene-core/3.3.0/lucene-core-3.3.0.jar:/home/syamantak/.m2/repository/org/openjena/fuseki/0.2.0/fuseki-0.2.0.jar:/home/syamantak/.m2/repository/org/apache/httpcomponents/httpclient/4.0.3/httpclient-4.0.3.jar:/home/syamantak/.m2/repository/org/apache/httpcomponents/httpcore/4.0.1/httpcore-4.0.1.jar:/home/syamantak/.m2/repository/commons-logging/commons-logging/1.1.1/commons-logging-1.1.1.jar:/home/syamantak/.m2/repository/commons-codec/commons-codec/1.4/commons-codec-1.4.jar:/home/syamantak/.m2/repository/commons-fileupload/commons-fileupload/1.2.2/commons-fileupload-1.2.2.jar:/home/syamantak/.m2/repository/org/eclipse/jetty/jetty-server/7.2.1.v20101111/jetty-server-7.2.1.v20101111.jar:/home/syamantak/.m2/repository/javax/servlet/servlet-api/2.5/servlet-api-2.5.jar:/home/syamantak/.m2/repository/org/eclipse/jetty/jetty-continuation/7.2.1.v20101111/jetty-continuation-7.2.1.v20101111.jar:/home/syamantak/.m2/repository/org/eclipse/jetty/jetty-http/7.2.1.v20101111/jetty-http-7.2.1.v20101111.jar:/home/syamantak/.m2/repository/org/eclipse/jetty/jetty-io/7.2.1.v20101111/jetty-io-7.2.1.v20101111.jar:/home/syamantak/.m2/repository/org/eclipse/jetty/jetty-util/7.2.1.v20101111/jetty-util-7.2.1.v20101111.jar:/home/syamantak/.m2/repository/org/eclipse/jetty/jetty-servlet/7.2.1.v20101111/jetty-servlet-7.2.1.v20101111.jar:/home/syamantak/.m2/repository/org/eclipse/jetty/jetty-security/7.2.1.v20101111/jetty-security-7.2.1.v20101111.jar:/home/syamantak/.m2/repository/org/eclipse/jetty/jetty-jsp-2.1/7.2.1.v20101111/jetty-jsp-2.1-7.2.1.v20101111.jar:/home/syamantak/.m2/repository/org/mortbay/jetty/jsp-2.1-glassfish/2.1.v20100127/jsp-2.1-glassfish-2.1.v20100127.jar:/home/syamantak/.m2/repository/org/eclipse/jdt/core/compiler/ecj/3.5.1/ecj-3.5.1.jar:/home/syamantak/.m2/repository/org/mortbay/jetty/jsp-api-2.1-glassfish/2.1.v20100127/jsp-api-2.1-glassfish-2.1.v20100127.jar:/home/syamantak/.m2/repository/ant/ant/1.6.5/ant-1.6.5.jar:/home/syamantak/.m2/repository/org/eclipse/jetty/jetty-webapp/7.2.1.v20101111/jetty-webapp-7.2.1.v20101111.jar:/home/syamantak/.m2/repository/org/eclipse/jetty/jetty-xml/7.2.1.v20101111/jetty-xml-7.2.1.v20101111.jar:/home/syamantak/.m2/repository/mysql/mysql-connector-java/5.1.17/mysql-connector-java-5.1.17.jar:/home/syamantak/.m2/repository/org/springframework/spring-context/3.0.5.RELEASE/spring-context-3.0.5.RELEASE.jar:/home/syamantak/.m2/repository/org/springframework/spring-aop/3.0.5.RELEASE/spring-aop-3.0.5.RELEASE.jar:/home/syamantak/.m2/repository/aopalliance/aopalliance/1.0/aopalliance-1.0.jar:/home/syamantak/.m2/repository/org/springframework/spring-asm/3.0.5.RELEASE/spring-asm-3.0.5.RELEASE.jar:/home/syamantak/.m2/repository/org/springframework/spring-beans/3.0.5.RELEASE/spring-beans-3.0.5.RELEASE.jar:/home/syamantak/.m2/repository/org/springframework/spring-core/3.0.5.RELEASE/spring-core-3.0.5.RELEASE.jar:/home/syamantak/.m2/repository/org/springframework/spring-expression/3.0.5.RELEASE/spring-expression-3.0.5.RELEASE.jar:/home/syamantak/.m2/repository/org/aspectj/aspectjrt/1.6.10/aspectjrt-1.6.10.jar:/home/syamantak/.m2/repository/org/slf4j/jcl-over-slf4j/1.6.1/jcl-over-slf4j-1.6.1.jar:/home/syamantak/.m2/repository/javax/inject/javax.inject/1/javax.inject-1.jar:"/>
    <property name="java.specification.name" value="Java Platform API Specification"/>
    <property name="java.class.version" value="50.0"/>
    <property name="sun.management.compiler" value="HotSpot Tiered Compilers"/>
    <property name="os.version" value="2.6.38-10-generic"/>
    <property name="user.home" value="/home/syamantak"/>
    <property name="user.timezone" value="Europe/London"/>
    <property name="java.awt.printerjob" value="sun.print.PSPrinterJob"/>
    <property name="file.encoding" value="UTF-8"/>
    <property name="java.specification.version" value="1.6"/>
    <property name="user.name" value="syamantak"/>
    <property name="java.class.path" value="/home/syamantak/Work/java/semblog/semblog.tstore/target/test-classes:/home/syamantak/Work/java/semblog/semblog.tstore/target/classes:/home/syamantak/.m2/repository/junit/junit/4.8.1/junit-4.8.1.jar:/home/syamantak/.m2/repository/com/hp/hpl/jena/tdb/0.8.10/tdb-0.8.10.jar:/home/syamantak/.m2/repository/com/hp/hpl/jena/arq/2.8.8/arq-2.8.8.jar:/home/syamantak/.m2/repository/com/hp/hpl/jena/jena/2.6.4/jena-2.6.4.jar:/home/syamantak/.m2/repository/com/hp/hpl/jena/iri/0.8/iri-0.8.jar:/home/syamantak/.m2/repository/com/ibm/icu/icu4j/3.4.4/icu4j-3.4.4.jar:/home/syamantak/.m2/repository/xerces/xercesImpl/2.7.1/xercesImpl-2.7.1.jar:/home/syamantak/.m2/repository/org/slf4j/slf4j-api/1.6.1/slf4j-api-1.6.1.jar:/home/syamantak/.m2/repository/org/slf4j/slf4j-log4j12/1.6.1/slf4j-log4j12-1.6.1.jar:/home/syamantak/.m2/repository/log4j/log4j/1.2.16/log4j-1.2.16.jar:/home/syamantak/.m2/repository/org/codehaus/woodstox/wstx-asl/3.2.9/wstx-asl-3.2.9.jar:/home/syamantak/.m2/repository/stax/stax-api/1.0.1/stax-api-1.0.1.jar:/home/syamantak/.m2/repository/org/apache/lucene/lucene-core/3.3.0/lucene-core-3.3.0.jar:/home/syamantak/.m2/repository/org/openjena/fuseki/0.2.0/fuseki-0.2.0.jar:/home/syamantak/.m2/repository/org/apache/httpcomponents/httpclient/4.0.3/httpclient-4.0.3.jar:/home/syamantak/.m2/repository/org/apache/httpcomponents/httpcore/4.0.1/httpcore-4.0.1.jar:/home/syamantak/.m2/repository/commons-logging/commons-logging/1.1.1/commons-logging-1.1.1.jar:/home/syamantak/.m2/repository/commons-codec/commons-codec/1.4/commons-codec-1.4.jar:/home/syamantak/.m2/repository/commons-fileupload/commons-fileupload/1.2.2/commons-fileupload-1.2.2.jar:/home/syamantak/.m2/repository/org/eclipse/jetty/jetty-server/7.2.1.v20101111/jetty-server-7.2.1.v20101111.jar:/home/syamantak/.m2/repository/javax/servlet/servlet-api/2.5/servlet-api-2.5.jar:/home/syamantak/.m2/repository/org/eclipse/jetty/jetty-continuation/7.2.1.v20101111/jetty-continuation-7.2.1.v20101111.jar:/home/syamantak/.m2/repository/org/eclipse/jetty/jetty-http/7.2.1.v20101111/jetty-http-7.2.1.v20101111.jar:/home/syamantak/.m2/repository/org/eclipse/jetty/jetty-io/7.2.1.v20101111/jetty-io-7.2.1.v20101111.jar:/home/syamantak/.m2/repository/org/eclipse/jetty/jetty-util/7.2.1.v20101111/jetty-util-7.2.1.v20101111.jar:/home/syamantak/.m2/repository/org/eclipse/jetty/jetty-servlet/7.2.1.v20101111/jetty-servlet-7.2.1.v20101111.jar:/home/syamantak/.m2/repository/org/eclipse/jetty/jetty-security/7.2.1.v20101111/jetty-security-7.2.1.v20101111.jar:/home/syamantak/.m2/repository/org/eclipse/jetty/jetty-jsp-2.1/7.2.1.v20101111/jetty-jsp-2.1-7.2.1.v20101111.jar:/home/syamantak/.m2/repository/org/mortbay/jetty/jsp-2.1-glassfish/2.1.v20100127/jsp-2.1-glassfish-2.1.v20100127.jar:/home/syamantak/.m2/repository/org/eclipse/jdt/core/compiler/ecj/3.5.1/ecj-3.5.1.jar:/home/syamantak/.m2/repository/org/mortbay/jetty/jsp-api-2.1-glassfish/2.1.v20100127/jsp-api-2.1-glassfish-2.1.v20100127.jar:/home/syamantak/.m2/repository/ant/ant/1.6.5/ant-1.6.5.jar:/home/syamantak/.m2/repository/org/eclipse/jetty/jetty-webapp/7.2.1.v20101111/jetty-webapp-7.2.1.v20101111.jar:/home/syamantak/.m2/repository/org/eclipse/jetty/jetty-xml/7.2.1.v20101111/jetty-xml-7.2.1.v20101111.jar:/home/syamantak/.m2/repository/mysql/mysql-connector-java/5.1.17/mysql-connector-java-5.1.17.jar:/home/syamantak/.m2/repository/org/springframework/spring-context/3.0.5.RELEASE/spring-context-3.0.5.RELEASE.jar:/home/syamantak/.m2/repository/org/springframework/spring-aop/3.0.5.RELEASE/spring-aop-3.0.5.RELEASE.jar:/home/syamantak/.m2/repository/aopalliance/aopalliance/1.0/aopalliance-1.0.jar:/home/syamantak/.m2/repository/org/springframework/spring-asm/3.0.5.RELEASE/spring-asm-3.0.5.RELEASE.jar:/home/syamantak/.m2/repository/org/springframework/spring-beans/3.0.5.RELEASE/spring-beans-3.0.5.RELEASE.jar:/home/syamantak/.m2/repository/org/springframework/spring-core/3.0.5.RELEASE/spring-core-3.0.5.RELEASE.jar:/home/syamantak/.m2/repository/org/springframework/spring-expression/3.0.5.RELEASE/spring-expression-3.0.5.RELEASE.jar:/home/syamantak/.m2/repository/org/aspectj/aspectjrt/1.6.10/aspectjrt-1.6.10.jar:/home/syamantak/.m2/repository/org/slf4j/jcl-over-slf4j/1.6.1/jcl-over-slf4j-1.6.1.jar:/home/syamantak/.m2/repository/javax/inject/javax.inject/1/javax.inject-1.jar:"/>
    <property name="java.vm.specification.version" value="1.0"/>
    <property name="sun.arch.data.model" value="32"/>
    <property name="java.home" value="/usr/lib/jvm/java-6-sun-1.6.0.26/jre"/>
    <property name="sun.java.command" value="/tmp/surefirebooter7065863466487793569.jar /tmp/surefire6814571592437535000tmp /tmp/surefire1325963086064249304tmp"/>
    <property name="java.specification.vendor" value="Sun Microsystems Inc."/>
    <property name="user.language" value="en"/>
    <property name="java.vm.info" value="mixed mode"/>
    <property name="java.version" value="1.6.0_26"/>
    <property name="java.ext.dirs" value="/usr/lib/jvm/java-6-sun-1.6.0.26/jre/lib/ext:/usr/java/packages/lib/ext"/>
    <property name="sun.boot.class.path" value="/usr/lib/jvm/java-6-sun-1.6.0.26/jre/lib/resources.jar:/usr/lib/jvm/java-6-sun-1.6.0.26/jre/lib/rt.jar:/usr/lib/jvm/java-6-sun-1.6.0.26/jre/lib/sunrsasign.jar:/usr/lib/jvm/java-6-sun-1.6.0.26/jre/lib/jsse.jar:/usr/lib/jvm/java-6-sun-1.6.0.26/jre/lib/jce.jar:/usr/lib/jvm/java-6-sun-1.6.0.26/jre/lib/charsets.jar:/usr/lib/jvm/java-6-sun-1.6.0.26/jre/lib/modules/jdk.boot.jar:/usr/lib/jvm/java-6-sun-1.6.0.26/jre/classes"/>
    <property name="java.vendor" value="Sun Microsystems Inc."/>
    <property name="localRepository" value="/home/syamantak/.m2/repository"/>
    <property name="file.separator" value="/"/>
    <property name="java.vendor.url.bug" value="http://java.sun.com/cgi-bin/bugreport.cgi"/>
    <property name="sun.cpu.endian" value="little"/>
    <property name="sun.io.unicode.encoding" value="UnicodeLittle"/>
    <property name="sun.desktop" value="gnome"/>
    <property name="sun.cpu.isalist" value=""/>
  </properties>
  <testcase time="10.256" classname="ac.uk.soton.ecs.sw.semblog.tstore.RdfStoreTest" name="test3_fullWorkflow"/>
  <testcase time="1.392" classname="ac.uk.soton.ecs.sw.semblog.tstore.RdfStoreTest" name="test4_query"/>
</testsuite>